<?xml version="1.0" encoding="UTF-8"?>
<!-- Generated by org.testng.reporters.JUnitReportReporter -->
<testsuite hostname="A1AIGML13283" name="TestNGDemo.TestNGDTest" tests="2" failures="0" timestamp="29 Jun 2016 18:21:33 GMT" time="11.834" errors="0">
  <testcase name="f" time="11.834" classname="TestNGDemo.TestNGDTest"/>
  <testcase name="f1" time="0.000" classname="TestNGDemo.TestNGDTest"/>
</testsuite> <!-- TestNGDemo.TestNGDTest -->
